<?xml version="1.0" encoding="UTF-8"?>
<testsuite xmlns:xsi="http://www.w3.org/2001/XMLSchema-instance" xsi:noNamespaceSchemaLocation="https://maven.apache.org/surefire/maven-surefire-plugin/xsd/surefire-test-report.xsd" name="algorithm.mongolia_road_network.Controller.HomeControllerTest" time="0.338" tests="3" errors="0" skipped="0" failures="0">
  <properties>
[...]
</properties>
  <testcase name="indexTest" classname="algorithm.mongolia_road_network.Controller.HomeControllerTest" time="0.003"/>
  <testcase name="controllerShouldBeLoaded" classname="algorithm.mongolia_road_network.Controller.HomeControllerTest" time="0.028"/>
  <testcase name="getIndex_shouldReturnStatusOkAndIndexView" classname="algorithm.mongolia_road_network.Controller.HomeControllerTest" time="0.106"/>
</testsuite>